[2019-08-16 06:18:12] api[].ERROR: Directus\Exception\NotInstalledException: This Directus API instance has not been configured. Install via the Directus App (eg: /admin) or read more about configuration at: https://docs.directus.io/getting-started/installation.html#configure in C:\xampp\htdocs\directus_7\src\core\Directus\Application\ErrorHandlers\NotInstalledNotFoundHandler.php:21
Stack trace:
#0 C:\xampp\htdocs\directus_7\vendor\slim\slim\Slim\App.php(530): Directus\Application\ErrorHandlers\NotInstalledNotFoundHandler->__invoke
#1 C:\xampp\htdocs\directus_7\src\core\Directus\Application\Http\Middleware\CorsMiddleware.php(66): Slim\App->__invoke
#2 [internal function]: Directus\Application\Http\Middleware\CorsMiddleware->__invoke
#3 C:\xampp\htdocs\directus_7\vendor\slim\slim\Slim\DeferredCallable.php(43): call_user_func_array
#4 [internal function]: Slim\DeferredCallable->__invoke
#5 C:\xampp\htdocs\directus_7\vendor\slim\slim\Slim\MiddlewareAwareTrait.php(70): call_user_func
#6 C:\xampp\htdocs\directus_7\vendor\slim\slim\Slim\MiddlewareAwareTrait.php(117): Slim\App->Slim\{closure}
#7 C:\xampp\htdocs\directus_7\vendor\slim\slim\Slim\App.php(405): Slim\App->callMiddlewareStack
#8 C:\xampp\htdocs\directus_7\vendor\slim\slim\Slim\App.php(313): Slim\App->process
#9 C:\xampp\htdocs\directus_7\src\core\Directus\Application\Application.php(161): Slim\App->run
#10 C:\xampp\htdocs\directus_7\public\index.php(5): Directus\Application\Application->run [] []
[2019-08-16 06:18:31] api[_].ERROR: Directus\Exception\NotInstalledException: This Directus API instance has not been configured. Install via the Directus App (eg: /admin) or read more about configuration at: https://docs.directus.io/getting-started/installation.html#configure in C:\xampp\htdocs\directus_7\src\core\Directus\Application\ErrorHandlers\NotInstalledNotFoundHandler.php:21
Stack trace:
#0 C:\xampp\htdocs\directus_7\vendor\slim\slim\Slim\App.php(530): Directus\Application\ErrorHandlers\NotInstalledNotFoundHandler->__invoke
#1 C:\xampp\htdocs\directus_7\src\core\Directus\Application\Http\Middleware\CorsMiddleware.php(66): Slim\App->__invoke
#2 [internal function]: Directus\Application\Http\Middleware\CorsMiddleware->__invoke
#3 C:\xampp\htdocs\directus_7\vendor\slim\slim\Slim\DeferredCallable.php(43): call_user_func_array
#4 [internal function]: Slim\DeferredCallable->__invoke
#5 C:\xampp\htdocs\directus_7\vendor\slim\slim\Slim\MiddlewareAwareTrait.php(70): call_user_func
#6 C:\xampp\htdocs\directus_7\vendor\slim\slim\Slim\MiddlewareAwareTrait.php(117): Slim\App->Slim\{closure}
#7 C:\xampp\htdocs\directus_7\vendor\slim\slim\Slim\App.php(405): Slim\App->callMiddlewareStack
#8 C:\xampp\htdocs\directus_7\vendor\slim\slim\Slim\App.php(313): Slim\App->process
#9 C:\xampp\htdocs\directus_7\src\core\Directus\Application\Application.php(161): Slim\App->run
#10 C:\xampp\htdocs\directus_7\public\index.php(5): Directus\Application\Application->run [] []
[2019-08-16 06:19:51] api[].ERROR: Directus\Exception\Exception: Directus seems to has been installed in the "prueba" database. in C:\xampp\htdocs\directus_7\src\core\Directus\Util\Installation\InstallerUtils.php:766
Stack trace:
#0 C:\xampp\htdocs\directus_7\src\core\Directus\Util\Installation\InstallerUtils.php(785): Directus\Util\Installation\InstallerUtils::Directus\Util\Installation\{closure}
#1 C:\xampp\htdocs\directus_7\src\core\Directus\Util\Installation\InstallerUtils.php(769): Directus\Util\Installation\InstallerUtils::getDirectusTablesFromData
#2 C:\xampp\htdocs\directus_7\src\core\Directus\Util\Installation\InstallerUtils.php(91): Directus\Util\Installation\InstallerUtils::ensureSystemTablesDoesNotExistsFromData
#3 C:\xampp\htdocs\directus_7\src\core\Directus\Services\ProjectService.php(81): Directus\Util\Installation\InstallerUtils::ensureCanCreateTables
#4 C:\xampp\htdocs\directus_7\src\endpoints\ProjectsCreate.php(16): Directus\Services\ProjectService->create
#5 [internal function]: Directus\Api\Routes\ProjectsCreate->__invoke
#6 C:\xampp\htdocs\directus_7\vendor\slim\slim\Slim\Handlers\Strategies\RequestResponse.php(41): call_user_func
#7 C:\xampp\htdocs\directus_7\vendor\slim\slim\Slim\Route.php(356): Slim\Handlers\Strategies\RequestResponse->__invoke
#8 C:\xampp\htdocs\directus_7\vendor\slim\slim\Slim\MiddlewareAwareTrait.php(117): Slim\Route->__invoke
#9 C:\xampp\htdocs\directus_7\vendor\slim\slim\Slim\Route.php(334): Slim\Route->callMiddlewareStack
#10 C:\xampp\htdocs\directus_7\vendor\slim\slim\Slim\App.php(515): Slim\Route->run
#11 C:\xampp\htdocs\directus_7\src\core\Directus\Application\Http\Middleware\CorsMiddleware.php(66): Slim\App->__invoke
#12 [internal function]: Directus\Application\Http\Middleware\CorsMiddleware->__invoke
#13 C:\xampp\htdocs\directus_7\vendor\slim\slim\Slim\DeferredCallable.php(43): call_user_func_array
#14 [internal function]: Slim\DeferredCallable->__invoke
#15 C:\xampp\htdocs\directus_7\vendor\slim\slim\Slim\MiddlewareAwareTrait.php(70): call_user_func
#16 C:\xampp\htdocs\directus_7\vendor\slim\slim\Slim\MiddlewareAwareTrait.php(117): Slim\App->Slim\{closure}
#17 C:\xampp\htdocs\directus_7\vendor\slim\slim\Slim\App.php(405): Slim\App->callMiddlewareStack
#18 C:\xampp\htdocs\directus_7\vendor\slim\slim\Slim\App.php(313): Slim\App->process
#19 C:\xampp\htdocs\directus_7\src\core\Directus\Application\Application.php(161): Slim\App->run
#20 C:\xampp\htdocs\directus_7\public\index.php(5): Directus\Application\Application->run [] []
[2019-08-16 06:20:38] api[].ERROR: Directus\Exception\Exception: Directus seems to has been installed in the "prueba" database. in C:\xampp\htdocs\directus_7\src\core\Directus\Util\Installation\InstallerUtils.php:766
Stack trace:
#0 C:\xampp\htdocs\directus_7\src\core\Directus\Util\Installation\InstallerUtils.php(785): Directus\Util\Installation\InstallerUtils::Directus\Util\Installation\{closure}
#1 C:\xampp\htdocs\directus_7\src\core\Directus\Util\Installation\InstallerUtils.php(769): Directus\Util\Installation\InstallerUtils::getDirectusTablesFromData
#2 C:\xampp\htdocs\directus_7\src\core\Directus\Util\Installation\InstallerUtils.php(91): Directus\Util\Installation\InstallerUtils::ensureSystemTablesDoesNotExistsFromData
#3 C:\xampp\htdocs\directus_7\src\core\Directus\Services\ProjectService.php(81): Directus\Util\Installation\InstallerUtils::ensureCanCreateTables
#4 C:\xampp\htdocs\directus_7\src\endpoints\ProjectsCreate.php(16): Directus\Services\ProjectService->create
#5 [internal function]: Directus\Api\Routes\ProjectsCreate->__invoke
#6 C:\xampp\htdocs\directus_7\vendor\slim\slim\Slim\Handlers\Strategies\RequestResponse.php(41): call_user_func
#7 C:\xampp\htdocs\directus_7\vendor\slim\slim\Slim\Route.php(356): Slim\Handlers\Strategies\RequestResponse->__invoke
#8 C:\xampp\htdocs\directus_7\vendor\slim\slim\Slim\MiddlewareAwareTrait.php(117): Slim\Route->__invoke
#9 C:\xampp\htdocs\directus_7\vendor\slim\slim\Slim\Route.php(334): Slim\Route->callMiddlewareStack
#10 C:\xampp\htdocs\directus_7\vendor\slim\slim\Slim\App.php(515): Slim\Route->run
#11 C:\xampp\htdocs\directus_7\src\core\Directus\Application\Http\Middleware\CorsMiddleware.php(66): Slim\App->__invoke
#12 [internal function]: Directus\Application\Http\Middleware\CorsMiddleware->__invoke
#13 C:\xampp\htdocs\directus_7\vendor\slim\slim\Slim\DeferredCallable.php(43): call_user_func_array
#14 [internal function]: Slim\DeferredCallable->__invoke
#15 C:\xampp\htdocs\directus_7\vendor\slim\slim\Slim\MiddlewareAwareTrait.php(70): call_user_func
#16 C:\xampp\htdocs\directus_7\vendor\slim\slim\Slim\MiddlewareAwareTrait.php(117): Slim\App->Slim\{closure}
#17 C:\xampp\htdocs\directus_7\vendor\slim\slim\Slim\App.php(405): Slim\App->callMiddlewareStack
#18 C:\xampp\htdocs\directus_7\vendor\slim\slim\Slim\App.php(313): Slim\App->process
#19 C:\xampp\htdocs\directus_7\src\core\Directus\Application\Application.php(161): Slim\App->run
#20 C:\xampp\htdocs\directus_7\public\index.php(5): Directus\Application\Application->run [] []
[2019-08-16 06:22:27] api[].ERROR: PDOException: SQLSTATE[42000]: Syntax error or access violation: 1071 Specified key was too long; max key length is 767 bytes in C:\xampp\htdocs\directus_7\vendor\robmorgan\phinx\src\Phinx\Db\Adapter\PdoAdapter.php:134
Stack trace:
#0 C:\xampp\htdocs\directus_7\vendor\robmorgan\phinx\src\Phinx\Db\Adapter\PdoAdapter.php(134): PDO->exec
#1 C:\xampp\htdocs\directus_7\vendor\robmorgan\phinx\src\Phinx\Db\Adapter\MysqlAdapter.php(294): Phinx\Db\Adapter\PdoAdapter->execute
#2 C:\xampp\htdocs\directus_7\vendor\robmorgan\phinx\src\Phinx\Db\Adapter\AdapterWrapper.php(351): Phinx\Db\Adapter\MysqlAdapter->createTable
#3 C:\xampp\htdocs\directus_7\vendor\robmorgan\phinx\src\Phinx\Db\Adapter\TimedOutputAdapter.php(138): Phinx\Db\Adapter\AdapterWrapper->createTable
#4 C:\xampp\htdocs\directus_7\vendor\robmorgan\phinx\src\Phinx\Db\Table.php(628): Phinx\Db\Adapter\TimedOutputAdapter->createTable
#5 C:\xampp\htdocs\directus_7\migrations\db\schemas\20180220023152_create_collections_presets_table.php(81): Phinx\Db\Table->create
#6 C:\xampp\htdocs\directus_7\vendor\robmorgan\phinx\src\Phinx\Migration\Manager\Environment.php(124): CreateCollectionsPresetsTable->change
#7 C:\xampp\htdocs\directus_7\vendor\robmorgan\phinx\src\Phinx\Migration\Manager.php(375): Phinx\Migration\Manager\Environment->executeMigration
#8 C:\xampp\htdocs\directus_7\vendor\robmorgan\phinx\src\Phinx\Migration\Manager.php(351): Phinx\Migration\Manager->executeMigration
#9 C:\xampp\htdocs\directus_7\src\core\Directus\Util\Installation\InstallerUtils.php(145): Phinx\Migration\Manager->migrate
#10 C:\xampp\htdocs\directus_7\src\core\Directus\Util\Installation\InstallerUtils.php(112): Directus\Util\Installation\InstallerUtils::runMigrationAndSeeder
#11 C:\xampp\htdocs\directus_7\src\core\Directus\Services\ProjectService.php(93): Directus\Util\Installation\InstallerUtils::createTables
#12 C:\xampp\htdocs\directus_7\src\endpoints\ProjectsCreate.php(16): Directus\Services\ProjectService->create
#13 [internal function]: Directus\Api\Routes\ProjectsCreate->__invoke
#14 C:\xampp\htdocs\directus_7\vendor\slim\slim\Slim\Handlers\Strategies\RequestResponse.php(41): call_user_func
#15 C:\xampp\htdocs\directus_7\vendor\slim\slim\Slim\Route.php(356): Slim\Handlers\Strategies\RequestResponse->__invoke
#16 C:\xampp\htdocs\directus_7\vendor\slim\slim\Slim\MiddlewareAwareTrait.php(117): Slim\Route->__invoke
#17 C:\xampp\htdocs\directus_7\vendor\slim\slim\Slim\Route.php(334): Slim\Route->callMiddlewareStack
#18 C:\xampp\htdocs\directus_7\vendor\slim\slim\Slim\App.php(515): Slim\Route->run
#19 C:\xampp\htdocs\directus_7\src\core\Directus\Application\Http\Middleware\CorsMiddleware.php(66): Slim\App->__invoke
#20 [internal function]: Directus\Application\Http\Middleware\CorsMiddleware->__invoke
#21 C:\xampp\htdocs\directus_7\vendor\slim\slim\Slim\DeferredCallable.php(43): call_user_func_array
#22 [internal function]: Slim\DeferredCallable->__invoke
#23 C:\xampp\htdocs\directus_7\vendor\slim\slim\Slim\MiddlewareAwareTrait.php(70): call_user_func
#24 C:\xampp\htdocs\directus_7\vendor\slim\slim\Slim\MiddlewareAwareTrait.php(117): Slim\App->Slim\{closure}
#25 C:\xampp\htdocs\directus_7\vendor\slim\slim\Slim\App.php(405): Slim\App->callMiddlewareStack
#26 C:\xampp\htdocs\directus_7\vendor\slim\slim\Slim\App.php(313): Slim\App->process
#27 C:\xampp\htdocs\directus_7\src\core\Directus\Application\Application.php(161): Slim\App->run
#28 C:\xampp\htdocs\directus_7\public\index.php(5): Directus\Application\Application->run [] []
[2019-08-16 06:37:37] api[_].ERROR: Directus\Authentication\Exception\UserInactiveException: User inactive in C:\xampp\htdocs\directus_7\src\core\Directus\Authentication\Provider.php:680
Stack trace:
#0 C:\xampp\htdocs\directus_7\src\core\Directus\Authentication\Provider.php(230): Directus\Authentication\Provider->validateUser
#1 C:\xampp\htdocs\directus_7\src\core\Directus\Authentication\Provider.php(160): Directus\Authentication\Provider->findUserWithEmail
#2 C:\xampp\htdocs\directus_7\src\core\Directus\Authentication\Provider.php(122): Directus\Authentication\Provider->findUserWithCredentials
#3 C:\xampp\htdocs\directus_7\src\core\Directus\Services\AuthService.php(47): Directus\Authentication\Provider->login
#4 C:\xampp\htdocs\directus_7\src\endpoints\Auth.php(49): Directus\Services\AuthService->loginWithCredentials
#5 [internal function]: Directus\Api\Routes\Auth->authenticate
#6 C:\xampp\htdocs\directus_7\vendor\slim\slim\Slim\Handlers\Strategies\RequestResponse.php(41): call_user_func
#7 C:\xampp\htdocs\directus_7\vendor\slim\slim\Slim\Route.php(356): Slim\Handlers\Strategies\RequestResponse->__invoke
#8 C:\xampp\htdocs\directus_7\src\core\Directus\Application\Http\Middleware\TableGatewayMiddleware.php(25): Slim\Route->__invoke
#9 [internal function]: Directus\Application\Http\Middleware\TableGatewayMiddleware->__invoke
#10 C:\xampp\htdocs\directus_7\vendor\slim\slim\Slim\DeferredCallable.php(43): call_user_func_array
#11 [internal function]: Slim\DeferredCallable->__invoke
#12 C:\xampp\htdocs\directus_7\vendor\slim\slim\Slim\MiddlewareAwareTrait.php(70): call_user_func
#13 C:\xampp\htdocs\directus_7\vendor\slim\slim\Slim\MiddlewareAwareTrait.php(117): Slim\Route->Slim\{closure}
#14 C:\xampp\htdocs\directus_7\vendor\slim\slim\Slim\Route.php(334): Slim\Route->callMiddlewareStack
#15 C:\xampp\htdocs\directus_7\vendor\slim\slim\Slim\App.php(515): Slim\Route->run
#16 C:\xampp\htdocs\directus_7\src\core\Directus\Application\Http\Middleware\AbstractRateLimitMiddleware.php(34): Slim\App->__invoke
#17 [internal function]: Directus\Application\Http\Middleware\AbstractRateLimitMiddleware->__invoke
#18 C:\xampp\htdocs\directus_7\vendor\slim\slim\Slim\DeferredCallable.php(43): call_user_func_array
#19 [internal function]: Slim\DeferredCallable->__invoke
#20 C:\xampp\htdocs\directus_7\vendor\slim\slim\Slim\MiddlewareAwareTrait.php(70): call_user_func
#21 C:\xampp\htdocs\directus_7\vendor\directus\proxy-detection\src\ProxyDetectionMiddleware.php(30): Slim\App->Slim\{closure}
#22 C:\xampp\htdocs\directus_7\src\core\Directus\Application\Http\Middleware\ProxyMiddleware.php(18): RKA\Middleware\ProxyDetectionMiddleware->__invoke
#23 [internal function]: Directus\Application\Http\Middleware\ProxyMiddleware->__invoke
#24 C:\xampp\htdocs\directus_7\vendor\slim\slim\Slim\DeferredCallable.php(43): call_user_func_array
#25 [internal function]: Slim\DeferredCallable->__invoke
#26 C:\xampp\htdocs\directus_7\vendor\slim\slim\Slim\MiddlewareAwareTrait.php(70): call_user_func
#27 C:\xampp\htdocs\directus_7\vendor\akrabat\ip-address-middleware\src\IpAddress.php(113): Slim\App->Slim\{closure}
#28 [internal function]: RKA\Middleware\IpAddress->__invoke
#29 C:\xampp\htdocs\directus_7\vendor\slim\slim\Slim\DeferredCallable.php(43): call_user_func_array
#30 [internal function]: Slim\DeferredCallable->__invoke
#31 C:\xampp\htdocs\directus_7\vendor\slim\slim\Slim\MiddlewareAwareTrait.php(70): call_user_func
#32 C:\xampp\htdocs\directus_7\src\core\Directus\Application\Http\Middleware\CorsMiddleware.php(66): Slim\App->Slim\{closure}
#33 [internal function]: Directus\Application\Http\Middleware\CorsMiddleware->__invoke
#34 C:\xampp\htdocs\directus_7\vendor\slim\slim\Slim\DeferredCallable.php(43): call_user_func_array
#35 [internal function]: Slim\DeferredCallable->__invoke
#36 C:\xampp\htdocs\directus_7\vendor\slim\slim\Slim\MiddlewareAwareTrait.php(70): call_user_func
#37 C:\xampp\htdocs\directus_7\src\core\Directus\Application\Http\Middleware\ResponseCacheMiddleware.php(54): Slim\App->Slim\{closure}
#38 [internal function]: Directus\Application\Http\Middleware\ResponseCacheMiddleware->__invoke
#39 C:\xampp\htdocs\directus_7\vendor\slim\slim\Slim\DeferredCallable.php(43): call_user_func_array
#40 [internal function]: Slim\DeferredCallable->__invoke
#41 C:\xampp\htdocs\directus_7\vendor\slim\slim\Slim\MiddlewareAwareTrait.php(70): call_user_func
#42 C:\xampp\htdocs\directus_7\vendor\slim\slim\Slim\MiddlewareAwareTrait.php(117): Slim\App->Slim\{closure}
#43 C:\xampp\htdocs\directus_7\vendor\slim\slim\Slim\App.php(405): Slim\App->callMiddlewareStack
#44 C:\xampp\htdocs\directus_7\vendor\slim\slim\Slim\App.php(313): Slim\App->process
#45 C:\xampp\htdocs\directus_7\src\core\Directus\Application\Application.php(161): Slim\App->run
#46 C:\xampp\htdocs\directus_7\public\index.php(5): Directus\Application\Application->run [] []
[2019-08-16 06:39:38] api[_].ERROR: Directus\Authentication\Exception\UserInactiveException: User inactive in C:\xampp\htdocs\directus_7\src\core\Directus\Authentication\Provider.php:680
Stack trace:
#0 C:\xampp\htdocs\directus_7\src\core\Directus\Authentication\Provider.php(230): Directus\Authentication\Provider->validateUser
#1 C:\xampp\htdocs\directus_7\src\core\Directus\Authentication\Provider.php(160): Directus\Authentication\Provider->findUserWithEmail
#2 C:\xampp\htdocs\directus_7\src\core\Directus\Authentication\Provider.php(122): Directus\Authentication\Provider->findUserWithCredentials
#3 C:\xampp\htdocs\directus_7\src\core\Directus\Services\AuthService.php(47): Directus\Authentication\Provider->login
#4 C:\xampp\htdocs\directus_7\src\endpoints\Auth.php(49): Directus\Services\AuthService->loginWithCredentials
#5 [internal function]: Directus\Api\Routes\Auth->authenticate
#6 C:\xampp\htdocs\directus_7\vendor\slim\slim\Slim\Handlers\Strategies\RequestResponse.php(41): call_user_func
#7 C:\xampp\htdocs\directus_7\vendor\slim\slim\Slim\Route.php(356): Slim\Handlers\Strategies\RequestResponse->__invoke
#8 C:\xampp\htdocs\directus_7\src\core\Directus\Application\Http\Middleware\TableGatewayMiddleware.php(25): Slim\Route->__invoke
#9 [internal function]: Directus\Application\Http\Middleware\TableGatewayMiddleware->__invoke
#10 C:\xampp\htdocs\directus_7\vendor\slim\slim\Slim\DeferredCallable.php(43): call_user_func_array
#11 [internal function]: Slim\DeferredCallable->__invoke
#12 C:\xampp\htdocs\directus_7\vendor\slim\slim\Slim\MiddlewareAwareTrait.php(70): call_user_func
#13 C:\xampp\htdocs\directus_7\vendor\slim\slim\Slim\MiddlewareAwareTrait.php(117): Slim\Route->Slim\{closure}
#14 C:\xampp\htdocs\directus_7\vendor\slim\slim\Slim\Route.php(334): Slim\Route->callMiddlewareStack
#15 C:\xampp\htdocs\directus_7\vendor\slim\slim\Slim\App.php(515): Slim\Route->run
#16 C:\xampp\htdocs\directus_7\src\core\Directus\Application\Http\Middleware\AbstractRateLimitMiddleware.php(34): Slim\App->__invoke
#17 [internal function]: Directus\Application\Http\Middleware\AbstractRateLimitMiddleware->__invoke
#18 C:\xampp\htdocs\directus_7\vendor\slim\slim\Slim\DeferredCallable.php(43): call_user_func_array
#19 [internal function]: Slim\DeferredCallable->__invoke
#20 C:\xampp\htdocs\directus_7\vendor\slim\slim\Slim\MiddlewareAwareTrait.php(70): call_user_func
#21 C:\xampp\htdocs\directus_7\vendor\directus\proxy-detection\src\ProxyDetectionMiddleware.php(30): Slim\App->Slim\{closure}
#22 C:\xampp\htdocs\directus_7\src\core\Directus\Application\Http\Middleware\ProxyMiddleware.php(18): RKA\Middleware\ProxyDetectionMiddleware->__invoke
#23 [internal function]: Directus\Application\Http\Middleware\ProxyMiddleware->__invoke
#24 C:\xampp\htdocs\directus_7\vendor\slim\slim\Slim\DeferredCallable.php(43): call_user_func_array
#25 [internal function]: Slim\DeferredCallable->__invoke
#26 C:\xampp\htdocs\directus_7\vendor\slim\slim\Slim\MiddlewareAwareTrait.php(70): call_user_func
#27 C:\xampp\htdocs\directus_7\vendor\akrabat\ip-address-middleware\src\IpAddress.php(113): Slim\App->Slim\{closure}
#28 [internal function]: RKA\Middleware\IpAddress->__invoke
#29 C:\xampp\htdocs\directus_7\vendor\slim\slim\Slim\DeferredCallable.php(43): call_user_func_array
#30 [internal function]: Slim\DeferredCallable->__invoke
#31 C:\xampp\htdocs\directus_7\vendor\slim\slim\Slim\MiddlewareAwareTrait.php(70): call_user_func
#32 C:\xampp\htdocs\directus_7\src\core\Directus\Application\Http\Middleware\CorsMiddleware.php(66): Slim\App->Slim\{closure}
#33 [internal function]: Directus\Application\Http\Middleware\CorsMiddleware->__invoke
#34 C:\xampp\htdocs\directus_7\vendor\slim\slim\Slim\DeferredCallable.php(43): call_user_func_array
#35 [internal function]: Slim\DeferredCallable->__invoke
#36 C:\xampp\htdocs\directus_7\vendor\slim\slim\Slim\MiddlewareAwareTrait.php(70): call_user_func
#37 C:\xampp\htdocs\directus_7\src\core\Directus\Application\Http\Middleware\ResponseCacheMiddleware.php(54): Slim\App->Slim\{closure}
#38 [internal function]: Directus\Application\Http\Middleware\ResponseCacheMiddleware->__invoke
#39 C:\xampp\htdocs\directus_7\vendor\slim\slim\Slim\DeferredCallable.php(43): call_user_func_array
#40 [internal function]: Slim\DeferredCallable->__invoke
#41 C:\xampp\htdocs\directus_7\vendor\slim\slim\Slim\MiddlewareAwareTrait.php(70): call_user_func
#42 C:\xampp\htdocs\directus_7\vendor\slim\slim\Slim\MiddlewareAwareTrait.php(117): Slim\App->Slim\{closure}
#43 C:\xampp\htdocs\directus_7\vendor\slim\slim\Slim\App.php(405): Slim\App->callMiddlewareStack
#44 C:\xampp\htdocs\directus_7\vendor\slim\slim\Slim\App.php(313): Slim\App->process
#45 C:\xampp\htdocs\directus_7\src\core\Directus\Application\Application.php(161): Slim\App->run
#46 C:\xampp\htdocs\directus_7\public\index.php(5): Directus\Application\Application->run [] []
[2019-08-16 06:45:36] api[_].ERROR: Directus\Authentication\Exception\UserInactiveException: User inactive in C:\xampp\htdocs\directus_7\src\core\Directus\Authentication\Provider.php:680
Stack trace:
#0 C:\xampp\htdocs\directus_7\src\core\Directus\Authentication\Provider.php(230): Directus\Authentication\Provider->validateUser
#1 C:\xampp\htdocs\directus_7\src\core\Directus\Authentication\Provider.php(160): Directus\Authentication\Provider->findUserWithEmail
#2 C:\xampp\htdocs\directus_7\src\core\Directus\Authentication\Provider.php(122): Directus\Authentication\Provider->findUserWithCredentials
#3 C:\xampp\htdocs\directus_7\src\core\Directus\Services\AuthService.php(47): Directus\Authentication\Provider->login
#4 C:\xampp\htdocs\directus_7\src\endpoints\Auth.php(49): Directus\Services\AuthService->loginWithCredentials
#5 [internal function]: Directus\Api\Routes\Auth->authenticate
#6 C:\xampp\htdocs\directus_7\vendor\slim\slim\Slim\Handlers\Strategies\RequestResponse.php(41): call_user_func
#7 C:\xampp\htdocs\directus_7\vendor\slim\slim\Slim\Route.php(356): Slim\Handlers\Strategies\RequestResponse->__invoke
#8 C:\xampp\htdocs\directus_7\src\core\Directus\Application\Http\Middleware\TableGatewayMiddleware.php(25): Slim\Route->__invoke
#9 [internal function]: Directus\Application\Http\Middleware\TableGatewayMiddleware->__invoke
#10 C:\xampp\htdocs\directus_7\vendor\slim\slim\Slim\DeferredCallable.php(43): call_user_func_array
#11 [internal function]: Slim\DeferredCallable->__invoke
#12 C:\xampp\htdocs\directus_7\vendor\slim\slim\Slim\MiddlewareAwareTrait.php(70): call_user_func
#13 C:\xampp\htdocs\directus_7\vendor\slim\slim\Slim\MiddlewareAwareTrait.php(117): Slim\Route->Slim\{closure}
#14 C:\xampp\htdocs\directus_7\vendor\slim\slim\Slim\Route.php(334): Slim\Route->callMiddlewareStack
#15 C:\xampp\htdocs\directus_7\vendor\slim\slim\Slim\App.php(515): Slim\Route->run
#16 C:\xampp\htdocs\directus_7\src\core\Directus\Application\Http\Middleware\AbstractRateLimitMiddleware.php(34): Slim\App->__invoke
#17 [internal function]: Directus\Application\Http\Middleware\AbstractRateLimitMiddleware->__invoke
#18 C:\xampp\htdocs\directus_7\vendor\slim\slim\Slim\DeferredCallable.php(43): call_user_func_array
#19 [internal function]: Slim\DeferredCallable->__invoke
#20 C:\xampp\htdocs\directus_7\vendor\slim\slim\Slim\MiddlewareAwareTrait.php(70): call_user_func
#21 C:\xampp\htdocs\directus_7\vendor\directus\proxy-detection\src\ProxyDetectionMiddleware.php(30): Slim\App->Slim\{closure}
#22 C:\xampp\htdocs\directus_7\src\core\Directus\Application\Http\Middleware\ProxyMiddleware.php(18): RKA\Middleware\ProxyDetectionMiddleware->__invoke
#23 [internal function]: Directus\Application\Http\Middleware\ProxyMiddleware->__invoke
#24 C:\xampp\htdocs\directus_7\vendor\slim\slim\Slim\DeferredCallable.php(43): call_user_func_array
#25 [internal function]: Slim\DeferredCallable->__invoke
#26 C:\xampp\htdocs\directus_7\vendor\slim\slim\Slim\MiddlewareAwareTrait.php(70): call_user_func
#27 C:\xampp\htdocs\directus_7\vendor\akrabat\ip-address-middleware\src\IpAddress.php(113): Slim\App->Slim\{closure}
#28 [internal function]: RKA\Middleware\IpAddress->__invoke
#29 C:\xampp\htdocs\directus_7\vendor\slim\slim\Slim\DeferredCallable.php(43): call_user_func_array
#30 [internal function]: Slim\DeferredCallable->__invoke
#31 C:\xampp\htdocs\directus_7\vendor\slim\slim\Slim\MiddlewareAwareTrait.php(70): call_user_func
#32 C:\xampp\htdocs\directus_7\src\core\Directus\Application\Http\Middleware\CorsMiddleware.php(66): Slim\App->Slim\{closure}
#33 [internal function]: Directus\Application\Http\Middleware\CorsMiddleware->__invoke
#34 C:\xampp\htdocs\directus_7\vendor\slim\slim\Slim\DeferredCallable.php(43): call_user_func_array
#35 [internal function]: Slim\DeferredCallable->__invoke
#36 C:\xampp\htdocs\directus_7\vendor\slim\slim\Slim\MiddlewareAwareTrait.php(70): call_user_func
#37 C:\xampp\htdocs\directus_7\src\core\Directus\Application\Http\Middleware\ResponseCacheMiddleware.php(54): Slim\App->Slim\{closure}
#38 [internal function]: Directus\Application\Http\Middleware\ResponseCacheMiddleware->__invoke
#39 C:\xampp\htdocs\directus_7\vendor\slim\slim\Slim\DeferredCallable.php(43): call_user_func_array
#40 [internal function]: Slim\DeferredCallable->__invoke
#41 C:\xampp\htdocs\directus_7\vendor\slim\slim\Slim\MiddlewareAwareTrait.php(70): call_user_func
#42 C:\xampp\htdocs\directus_7\vendor\slim\slim\Slim\MiddlewareAwareTrait.php(117): Slim\App->Slim\{closure}
#43 C:\xampp\htdocs\directus_7\vendor\slim\slim\Slim\App.php(405): Slim\App->callMiddlewareStack
#44 C:\xampp\htdocs\directus_7\vendor\slim\slim\Slim\App.php(313): Slim\App->process
#45 C:\xampp\htdocs\directus_7\src\core\Directus\Application\Application.php(161): Slim\App->run
#46 C:\xampp\htdocs\directus_7\public\index.php(5): Directus\Application\Application->run [] []
[2019-08-16 06:47:50] api[_].ERROR: Directus\Authentication\Exception\InvalidUserCredentialsException: Invalid user credentials in C:\xampp\htdocs\directus_7\src\core\Directus\Authentication\Provider.php:162
Stack trace:
#0 C:\xampp\htdocs\directus_7\src\core\Directus\Authentication\Provider.php(122): Directus\Authentication\Provider->findUserWithCredentials
#1 C:\xampp\htdocs\directus_7\src\core\Directus\Services\AuthService.php(47): Directus\Authentication\Provider->login
#2 C:\xampp\htdocs\directus_7\src\endpoints\Auth.php(49): Directus\Services\AuthService->loginWithCredentials
#3 [internal function]: Directus\Api\Routes\Auth->authenticate
#4 C:\xampp\htdocs\directus_7\vendor\slim\slim\Slim\Handlers\Strategies\RequestResponse.php(41): call_user_func
#5 C:\xampp\htdocs\directus_7\vendor\slim\slim\Slim\Route.php(356): Slim\Handlers\Strategies\RequestResponse->__invoke
#6 C:\xampp\htdocs\directus_7\src\core\Directus\Application\Http\Middleware\TableGatewayMiddleware.php(25): Slim\Route->__invoke
#7 [internal function]: Directus\Application\Http\Middleware\TableGatewayMiddleware->__invoke
#8 C:\xampp\htdocs\directus_7\vendor\slim\slim\Slim\DeferredCallable.php(43): call_user_func_array
#9 [internal function]: Slim\DeferredCallable->__invoke
#10 C:\xampp\htdocs\directus_7\vendor\slim\slim\Slim\MiddlewareAwareTrait.php(70): call_user_func
#11 C:\xampp\htdocs\directus_7\vendor\slim\slim\Slim\MiddlewareAwareTrait.php(117): Slim\Route->Slim\{closure}
#12 C:\xampp\htdocs\directus_7\vendor\slim\slim\Slim\Route.php(334): Slim\Route->callMiddlewareStack
#13 C:\xampp\htdocs\directus_7\vendor\slim\slim\Slim\App.php(515): Slim\Route->run
#14 C:\xampp\htdocs\directus_7\src\core\Directus\Application\Http\Middleware\AbstractRateLimitMiddleware.php(34): Slim\App->__invoke
#15 [internal function]: Directus\Application\Http\Middleware\AbstractRateLimitMiddleware->__invoke
#16 C:\xampp\htdocs\directus_7\vendor\slim\slim\Slim\DeferredCallable.php(43): call_user_func_array
#17 [internal function]: Slim\DeferredCallable->__invoke
#18 C:\xampp\htdocs\directus_7\vendor\slim\slim\Slim\MiddlewareAwareTrait.php(70): call_user_func
#19 C:\xampp\htdocs\directus_7\vendor\directus\proxy-detection\src\ProxyDetectionMiddleware.php(30): Slim\App->Slim\{closure}
#20 C:\xampp\htdocs\directus_7\src\core\Directus\Application\Http\Middleware\ProxyMiddleware.php(18): RKA\Middleware\ProxyDetectionMiddleware->__invoke
#21 [internal function]: Directus\Application\Http\Middleware\ProxyMiddleware->__invoke
#22 C:\xampp\htdocs\directus_7\vendor\slim\slim\Slim\DeferredCallable.php(43): call_user_func_array
#23 [internal function]: Slim\DeferredCallable->__invoke
#24 C:\xampp\htdocs\directus_7\vendor\slim\slim\Slim\MiddlewareAwareTrait.php(70): call_user_func
#25 C:\xampp\htdocs\directus_7\vendor\akrabat\ip-address-middleware\src\IpAddress.php(113): Slim\App->Slim\{closure}
#26 [internal function]: RKA\Middleware\IpAddress->__invoke
#27 C:\xampp\htdocs\directus_7\vendor\slim\slim\Slim\DeferredCallable.php(43): call_user_func_array
#28 [internal function]: Slim\DeferredCallable->__invoke
#29 C:\xampp\htdocs\directus_7\vendor\slim\slim\Slim\MiddlewareAwareTrait.php(70): call_user_func
#30 C:\xampp\htdocs\directus_7\src\core\Directus\Application\Http\Middleware\CorsMiddleware.php(66): Slim\App->Slim\{closure}
#31 [internal function]: Directus\Application\Http\Middleware\CorsMiddleware->__invoke
#32 C:\xampp\htdocs\directus_7\vendor\slim\slim\Slim\DeferredCallable.php(43): call_user_func_array
#33 [internal function]: Slim\DeferredCallable->__invoke
#34 C:\xampp\htdocs\directus_7\vendor\slim\slim\Slim\MiddlewareAwareTrait.php(70): call_user_func
#35 C:\xampp\htdocs\directus_7\src\core\Directus\Application\Http\Middleware\ResponseCacheMiddleware.php(54): Slim\App->Slim\{closure}
#36 [internal function]: Directus\Application\Http\Middleware\ResponseCacheMiddleware->__invoke
#37 C:\xampp\htdocs\directus_7\vendor\slim\slim\Slim\DeferredCallable.php(43): call_user_func_array
#38 [internal function]: Slim\DeferredCallable->__invoke
#39 C:\xampp\htdocs\directus_7\vendor\slim\slim\Slim\MiddlewareAwareTrait.php(70): call_user_func
#40 C:\xampp\htdocs\directus_7\vendor\slim\slim\Slim\MiddlewareAwareTrait.php(117): Slim\App->Slim\{closure}
#41 C:\xampp\htdocs\directus_7\vendor\slim\slim\Slim\App.php(405): Slim\App->callMiddlewareStack
#42 C:\xampp\htdocs\directus_7\vendor\slim\slim\Slim\App.php(313): Slim\App->process
#43 C:\xampp\htdocs\directus_7\src\core\Directus\Application\Application.php(161): Slim\App->run
#44 C:\xampp\htdocs\directus_7\public\index.php(5): Directus\Application\Application->run [] []
[2019-08-16 07:01:49] api[_].ERROR: PDOException: SQLSTATE[42000]: Syntax error or access violation: 1101 BLOB/TEXT column 'footer' can't have a default value in C:\xampp\htdocs\directus_7\vendor\zendframework\zend-db\src\Adapter\Driver\Pdo\Connection.php:379
Stack trace:
#0 C:\xampp\htdocs\directus_7\vendor\zendframework\zend-db\src\Adapter\Driver\Pdo\Connection.php(379): PDO->query
#1 C:\xampp\htdocs\directus_7\vendor\zendframework\zend-db\src\Adapter\Adapter.php(205): Zend\Db\Adapter\Driver\Pdo\Connection->execute
#2 C:\xampp\htdocs\directus_7\src\core\Directus\Database\Schema\SchemaFactory.php(243): Zend\Db\Adapter\Adapter->query
#3 C:\xampp\htdocs\directus_7\src\core\Directus\Services\TablesService.php(1304): Directus\Database\Schema\SchemaFactory->buildTable
#4 C:\xampp\htdocs\directus_7\src\core\Directus\Services\TablesService.php(559): Directus\Services\TablesService->updateTableSchema
#5 C:\xampp\htdocs\directus_7\src\endpoints\Fields.php(54): Directus\Services\TablesService->addColumn
#6 [internal function]: Directus\Api\Routes\Fields->create
#7 C:\xampp\htdocs\directus_7\vendor\slim\slim\Slim\Handlers\Strategies\RequestResponse.php(41): call_user_func
#8 C:\xampp\htdocs\directus_7\vendor\slim\slim\Slim\Route.php(356): Slim\Handlers\Strategies\RequestResponse->__invoke
#9 C:\xampp\htdocs\directus_7\src\core\Directus\Application\Http\Middleware\AbstractRateLimitMiddleware.php(34): Slim\Route->__invoke
#10 [internal function]: Directus\Application\Http\Middleware\AbstractRateLimitMiddleware->__invoke
#11 C:\xampp\htdocs\directus_7\vendor\slim\slim\Slim\DeferredCallable.php(43): call_user_func_array
#12 [internal function]: Slim\DeferredCallable->__invoke
#13 C:\xampp\htdocs\directus_7\vendor\slim\slim\Slim\MiddlewareAwareTrait.php(70): call_user_func
#14 C:\xampp\htdocs\directus_7\src\core\Directus\Application\Http\Middleware\AuthenticationMiddleware.php(105): Slim\Route->Slim\{closure}
#15 [internal function]: Directus\Application\Http\Middleware\AuthenticationMiddleware->__invoke
#16 C:\xampp\htdocs\directus_7\vendor\slim\slim\Slim\DeferredCallable.php(43): call_user_func_array
#17 [internal function]: Slim\DeferredCallable->__invoke
#18 C:\xampp\htdocs\directus_7\vendor\slim\slim\Slim\MiddlewareAwareTrait.php(70): call_user_func
#19 C:\xampp\htdocs\directus_7\src\core\Directus\Application\Http\Middleware\TableGatewayMiddleware.php(25): Slim\Route->Slim\{closure}
#20 [internal function]: Directus\Application\Http\Middleware\TableGatewayMiddleware->__invoke
#21 C:\xampp\htdocs\directus_7\vendor\slim\slim\Slim\DeferredCallable.php(43): call_user_func_array
#22 [internal function]: Slim\DeferredCallable->__invoke
#23 C:\xampp\htdocs\directus_7\vendor\slim\slim\Slim\MiddlewareAwareTrait.php(70): call_user_func
#24 C:\xampp\htdocs\directus_7\vendor\slim\slim\Slim\MiddlewareAwareTrait.php(117): Slim\Route->Slim\{closure}
#25 C:\xampp\htdocs\directus_7\vendor\slim\slim\Slim\Route.php(334): Slim\Route->callMiddlewareStack
#26 C:\xampp\htdocs\directus_7\vendor\slim\slim\Slim\App.php(515): Slim\Route->run
#27 C:\xampp\htdocs\directus_7\src\core\Directus\Application\Http\Middleware\AbstractRateLimitMiddleware.php(34): Slim\App->__invoke
#28 [internal function]: Directus\Application\Http\Middleware\AbstractRateLimitMiddleware->__invoke
#29 C:\xampp\htdocs\directus_7\vendor\slim\slim\Slim\DeferredCallable.php(43): call_user_func_array
#30 [internal function]: Slim\DeferredCallable->__invoke
#31 C:\xampp\htdocs\directus_7\vendor\slim\slim\Slim\MiddlewareAwareTrait.php(70): call_user_func
#32 C:\xampp\htdocs\directus_7\vendor\directus\proxy-detection\src\ProxyDetectionMiddleware.php(30): Slim\App->Slim\{closure}
#33 C:\xampp\htdocs\directus_7\src\core\Directus\Application\Http\Middleware\ProxyMiddleware.php(18): RKA\Middleware\ProxyDetectionMiddleware->__invoke
#34 [internal function]: Directus\Application\Http\Middleware\ProxyMiddleware->__invoke
#35 C:\xampp\htdocs\directus_7\vendor\slim\slim\Slim\DeferredCallable.php(43): call_user_func_array
#36 [internal function]: Slim\DeferredCallable->__invoke
#37 C:\xampp\htdocs\directus_7\vendor\slim\slim\Slim\MiddlewareAwareTrait.php(70): call_user_func
#38 C:\xampp\htdocs\directus_7\vendor\akrabat\ip-address-middleware\src\IpAddress.php(113): Slim\App->Slim\{closure}
#39 [internal function]: RKA\Middleware\IpAddress->__invoke
#40 C:\xampp\htdocs\directus_7\vendor\slim\slim\Slim\DeferredCallable.php(43): call_user_func_array
#41 [internal function]: Slim\DeferredCallable->__invoke
#42 C:\xampp\htdocs\directus_7\vendor\slim\slim\Slim\MiddlewareAwareTrait.php(70): call_user_func
#43 C:\xampp\htdocs\directus_7\src\core\Directus\Application\Http\Middleware\CorsMiddleware.php(66): Slim\App->Slim\{closure}
#44 [internal function]: Directus\Application\Http\Middleware\CorsMiddleware->__invoke
#45 C:\xampp\htdocs\directus_7\vendor\slim\slim\Slim\DeferredCallable.php(43): call_user_func_array
#46 [internal function]: Slim\DeferredCallable->__invoke
#47 C:\xampp\htdocs\directus_7\vendor\slim\slim\Slim\MiddlewareAwareTrait.php(70): call_user_func
#48 C:\xampp\htdocs\directus_7\src\core\Directus\Application\Http\Middleware\ResponseCacheMiddleware.php(54): Slim\App->Slim\{closure}
#49 [internal function]: Directus\Application\Http\Middleware\ResponseCacheMiddleware->__invoke
#50 C:\xampp\htdocs\directus_7\vendor\slim\slim\Slim\DeferredCallable.php(43): call_user_func_array
#51 [internal function]: Slim\DeferredCallable->__invoke
#52 C:\xampp\htdocs\directus_7\vendor\slim\slim\Slim\MiddlewareAwareTrait.php(70): call_user_func
#53 C:\xampp\htdocs\directus_7\vendor\slim\slim\Slim\MiddlewareAwareTrait.php(117): Slim\App->Slim\{closure}
#54 C:\xampp\htdocs\directus_7\vendor\slim\slim\Slim\App.php(405): Slim\App->callMiddlewareStack
#55 C:\xampp\htdocs\directus_7\vendor\slim\slim\Slim\App.php(313): Slim\App->process
#56 C:\xampp\htdocs\directus_7\src\core\Directus\Application\Application.php(161): Slim\App->run
#57 C:\xampp\htdocs\directus_7\public\index.php(5): Directus\Application\Application->run [] []
[2019-08-16 07:02:44] api[_].ERROR: PDOException: SQLSTATE[42000]: Syntax error or access violation: 1101 BLOB/TEXT column 'foother' can't have a default value in C:\xampp\htdocs\directus_7\vendor\zendframework\zend-db\src\Adapter\Driver\Pdo\Connection.php:379
Stack trace:
#0 C:\xampp\htdocs\directus_7\vendor\zendframework\zend-db\src\Adapter\Driver\Pdo\Connection.php(379): PDO->query
#1 C:\xampp\htdocs\directus_7\vendor\zendframework\zend-db\src\Adapter\Adapter.php(205): Zend\Db\Adapter\Driver\Pdo\Connection->execute
#2 C:\xampp\htdocs\directus_7\src\core\Directus\Database\Schema\SchemaFactory.php(243): Zend\Db\Adapter\Adapter->query
#3 C:\xampp\htdocs\directus_7\src\core\Directus\Services\TablesService.php(1304): Directus\Database\Schema\SchemaFactory->buildTable
#4 C:\xampp\htdocs\directus_7\src\core\Directus\Services\TablesService.php(559): Directus\Services\TablesService->updateTableSchema
#5 C:\xampp\htdocs\directus_7\src\endpoints\Fields.php(54): Directus\Services\TablesService->addColumn
#6 [internal function]: Directus\Api\Routes\Fields->create
#7 C:\xampp\htdocs\directus_7\vendor\slim\slim\Slim\Handlers\Strategies\RequestResponse.php(41): call_user_func
#8 C:\xampp\htdocs\directus_7\vendor\slim\slim\Slim\Route.php(356): Slim\Handlers\Strategies\RequestResponse->__invoke
#9 C:\xampp\htdocs\directus_7\src\core\Directus\Application\Http\Middleware\AbstractRateLimitMiddleware.php(34): Slim\Route->__invoke
#10 [internal function]: Directus\Application\Http\Middleware\AbstractRateLimitMiddleware->__invoke
#11 C:\xampp\htdocs\directus_7\vendor\slim\slim\Slim\DeferredCallable.php(43): call_user_func_array
#12 [internal function]: Slim\DeferredCallable->__invoke
#13 C:\xampp\htdocs\directus_7\vendor\slim\slim\Slim\MiddlewareAwareTrait.php(70): call_user_func
#14 C:\xampp\htdocs\directus_7\src\core\Directus\Application\Http\Middleware\AuthenticationMiddleware.php(105): Slim\Route->Slim\{closure}
#15 [internal function]: Directus\Application\Http\Middleware\AuthenticationMiddleware->__invoke
#16 C:\xampp\htdocs\directus_7\vendor\slim\slim\Slim\DeferredCallable.php(43): call_user_func_array
#17 [internal function]: Slim\DeferredCallable->__invoke
#18 C:\xampp\htdocs\directus_7\vendor\slim\slim\Slim\MiddlewareAwareTrait.php(70): call_user_func
#19 C:\xampp\htdocs\directus_7\src\core\Directus\Application\Http\Middleware\TableGatewayMiddleware.php(25): Slim\Route->Slim\{closure}
#20 [internal function]: Directus\Application\Http\Middleware\TableGatewayMiddleware->__invoke
#21 C:\xampp\htdocs\directus_7\vendor\slim\slim\Slim\DeferredCallable.php(43): call_user_func_array
#22 [internal function]: Slim\DeferredCallable->__invoke
#23 C:\xampp\htdocs\directus_7\vendor\slim\slim\Slim\MiddlewareAwareTrait.php(70): call_user_func
#24 C:\xampp\htdocs\directus_7\vendor\slim\slim\Slim\MiddlewareAwareTrait.php(117): Slim\Route->Slim\{closure}
#25 C:\xampp\htdocs\directus_7\vendor\slim\slim\Slim\Route.php(334): Slim\Route->callMiddlewareStack
#26 C:\xampp\htdocs\directus_7\vendor\slim\slim\Slim\App.php(515): Slim\Route->run
#27 C:\xampp\htdocs\directus_7\src\core\Directus\Application\Http\Middleware\AbstractRateLimitMiddleware.php(34): Slim\App->__invoke
#28 [internal function]: Directus\Application\Http\Middleware\AbstractRateLimitMiddleware->__invoke
#29 C:\xampp\htdocs\directus_7\vendor\slim\slim\Slim\DeferredCallable.php(43): call_user_func_array
#30 [internal function]: Slim\DeferredCallable->__invoke
#31 C:\xampp\htdocs\directus_7\vendor\slim\slim\Slim\MiddlewareAwareTrait.php(70): call_user_func
#32 C:\xampp\htdocs\directus_7\vendor\directus\proxy-detection\src\ProxyDetectionMiddleware.php(30): Slim\App->Slim\{closure}
#33 C:\xampp\htdocs\directus_7\src\core\Directus\Application\Http\Middleware\ProxyMiddleware.php(18): RKA\Middleware\ProxyDetectionMiddleware->__invoke
#34 [internal function]: Directus\Application\Http\Middleware\ProxyMiddleware->__invoke
#35 C:\xampp\htdocs\directus_7\vendor\slim\slim\Slim\DeferredCallable.php(43): call_user_func_array
#36 [internal function]: Slim\DeferredCallable->__invoke
#37 C:\xampp\htdocs\directus_7\vendor\slim\slim\Slim\MiddlewareAwareTrait.php(70): call_user_func
#38 C:\xampp\htdocs\directus_7\vendor\akrabat\ip-address-middleware\src\IpAddress.php(113): Slim\App->Slim\{closure}
#39 [internal function]: RKA\Middleware\IpAddress->__invoke
#40 C:\xampp\htdocs\directus_7\vendor\slim\slim\Slim\DeferredCallable.php(43): call_user_func_array
#41 [internal function]: Slim\DeferredCallable->__invoke
#42 C:\xampp\htdocs\directus_7\vendor\slim\slim\Slim\MiddlewareAwareTrait.php(70): call_user_func
#43 C:\xampp\htdocs\directus_7\src\core\Directus\Application\Http\Middleware\CorsMiddleware.php(66): Slim\App->Slim\{closure}
#44 [internal function]: Directus\Application\Http\Middleware\CorsMiddleware->__invoke
#45 C:\xampp\htdocs\directus_7\vendor\slim\slim\Slim\DeferredCallable.php(43): call_user_func_array
#46 [internal function]: Slim\DeferredCallable->__invoke
#47 C:\xampp\htdocs\directus_7\vendor\slim\slim\Slim\MiddlewareAwareTrait.php(70): call_user_func
#48 C:\xampp\htdocs\directus_7\src\core\Directus\Application\Http\Middleware\ResponseCacheMiddleware.php(54): Slim\App->Slim\{closure}
#49 [internal function]: Directus\Application\Http\Middleware\ResponseCacheMiddleware->__invoke
#50 C:\xampp\htdocs\directus_7\vendor\slim\slim\Slim\DeferredCallable.php(43): call_user_func_array
#51 [internal function]: Slim\DeferredCallable->__invoke
#52 C:\xampp\htdocs\directus_7\vendor\slim\slim\Slim\MiddlewareAwareTrait.php(70): call_user_func
#53 C:\xampp\htdocs\directus_7\vendor\slim\slim\Slim\MiddlewareAwareTrait.php(117): Slim\App->Slim\{closure}
#54 C:\xampp\htdocs\directus_7\vendor\slim\slim\Slim\App.php(405): Slim\App->callMiddlewareStack
#55 C:\xampp\htdocs\directus_7\vendor\slim\slim\Slim\App.php(313): Slim\App->process
#56 C:\xampp\htdocs\directus_7\src\core\Directus\Application\Application.php(161): Slim\App->run
#57 C:\xampp\htdocs\directus_7\public\index.php(5): Directus\Application\Application->run [] []
[2019-08-16 17:02:57] api[].ERROR: Directus\Exception\UnauthorizedException: Unauthorized request in C:\xampp\htdocs\directus_7\src\helpers\app.php:268
Stack trace:
#0 C:\xampp\htdocs\directus_7\vendor\slim\slim\Slim\App.php(530): Directus\{closure}
#1 C:\xampp\htdocs\directus_7\src\core\Directus\Application\Http\Middleware\CorsMiddleware.php(66): Slim\App->__invoke
#2 [internal function]: Directus\Application\Http\Middleware\CorsMiddleware->__invoke
#3 C:\xampp\htdocs\directus_7\vendor\slim\slim\Slim\DeferredCallable.php(43): call_user_func_array
#4 [internal function]: Slim\DeferredCallable->__invoke
#5 C:\xampp\htdocs\directus_7\vendor\slim\slim\Slim\MiddlewareAwareTrait.php(70): call_user_func
#6 C:\xampp\htdocs\directus_7\vendor\slim\slim\Slim\MiddlewareAwareTrait.php(117): Slim\App->Slim\{closure}
#7 C:\xampp\htdocs\directus_7\vendor\slim\slim\Slim\App.php(405): Slim\App->callMiddlewareStack
#8 C:\xampp\htdocs\directus_7\vendor\slim\slim\Slim\App.php(313): Slim\App->process
#9 C:\xampp\htdocs\directus_7\src\core\Directus\Application\Application.php(161): Slim\App->run
#10 C:\xampp\htdocs\directus_7\public\index.php(5): Directus\Application\Application->run [] []
[2019-08-16 20:05:24] api[].ERROR: Directus\Exception\UnauthorizedException: Unauthorized request in C:\xampp\htdocs\directus_7\src\helpers\app.php:268
Stack trace:
#0 C:\xampp\htdocs\directus_7\vendor\slim\slim\Slim\App.php(530): Directus\{closure}
#1 C:\xampp\htdocs\directus_7\src\core\Directus\Application\Http\Middleware\CorsMiddleware.php(66): Slim\App->__invoke
#2 [internal function]: Directus\Application\Http\Middleware\CorsMiddleware->__invoke
#3 C:\xampp\htdocs\directus_7\vendor\slim\slim\Slim\DeferredCallable.php(43): call_user_func_array
#4 [internal function]: Slim\DeferredCallable->__invoke
#5 C:\xampp\htdocs\directus_7\vendor\slim\slim\Slim\MiddlewareAwareTrait.php(70): call_user_func
#6 C:\xampp\htdocs\directus_7\vendor\slim\slim\Slim\MiddlewareAwareTrait.php(117): Slim\App->Slim\{closure}
#7 C:\xampp\htdocs\directus_7\vendor\slim\slim\Slim\App.php(405): Slim\App->callMiddlewareStack
#8 C:\xampp\htdocs\directus_7\vendor\slim\slim\Slim\App.php(313): Slim\App->process
#9 C:\xampp\htdocs\directus_7\src\core\Directus\Application\Application.php(161): Slim\App->run
#10 C:\xampp\htdocs\directus_7\public\index.php(5): Directus\Application\Application->run [] []
[2019-08-16 20:50:39] api[].ERROR: Directus\Exception\UnauthorizedException: Unauthorized request in C:\xampp\htdocs\directus_7\src\helpers\app.php:268
Stack trace:
#0 C:\xampp\htdocs\directus_7\vendor\slim\slim\Slim\App.php(530): Directus\{closure}
#1 C:\xampp\htdocs\directus_7\src\core\Directus\Application\Http\Middleware\CorsMiddleware.php(66): Slim\App->__invoke
#2 [internal function]: Directus\Application\Http\Middleware\CorsMiddleware->__invoke
#3 C:\xampp\htdocs\directus_7\vendor\slim\slim\Slim\DeferredCallable.php(43): call_user_func_array
#4 [internal function]: Slim\DeferredCallable->__invoke
#5 C:\xampp\htdocs\directus_7\vendor\slim\slim\Slim\MiddlewareAwareTrait.php(70): call_user_func
#6 C:\xampp\htdocs\directus_7\vendor\slim\slim\Slim\MiddlewareAwareTrait.php(117): Slim\App->Slim\{closure}
#7 C:\xampp\htdocs\directus_7\vendor\slim\slim\Slim\App.php(405): Slim\App->callMiddlewareStack
#8 C:\xampp\htdocs\directus_7\vendor\slim\slim\Slim\App.php(313): Slim\App->process
#9 C:\xampp\htdocs\directus_7\src\core\Directus\Application\Application.php(161): Slim\App->run
#10 C:\xampp\htdocs\directus_7\public\index.php(5): Directus\Application\Application->run [] []
[2019-08-16 21:23:54] api[].ERROR: Directus\Exception\UnauthorizedException: Unauthorized request in C:\xampp\htdocs\directus_7\src\helpers\app.php:268
Stack trace:
#0 C:\xampp\htdocs\directus_7\vendor\slim\slim\Slim\App.php(530): Directus\{closure}
#1 C:\xampp\htdocs\directus_7\src\core\Directus\Application\Http\Middleware\CorsMiddleware.php(66): Slim\App->__invoke
#2 [internal function]: Directus\Application\Http\Middleware\CorsMiddleware->__invoke
#3 C:\xampp\htdocs\directus_7\vendor\slim\slim\Slim\DeferredCallable.php(43): call_user_func_array
#4 [internal function]: Slim\DeferredCallable->__invoke
#5 C:\xampp\htdocs\directus_7\vendor\slim\slim\Slim\MiddlewareAwareTrait.php(70): call_user_func
#6 C:\xampp\htdocs\directus_7\vendor\slim\slim\Slim\MiddlewareAwareTrait.php(117): Slim\App->Slim\{closure}
#7 C:\xampp\htdocs\directus_7\vendor\slim\slim\Slim\App.php(405): Slim\App->callMiddlewareStack
#8 C:\xampp\htdocs\directus_7\vendor\slim\slim\Slim\App.php(313): Slim\App->process
#9 C:\xampp\htdocs\directus_7\src\core\Directus\Application\Application.php(161): Slim\App->run
#10 C:\xampp\htdocs\directus_7\public\index.php(5): Directus\Application\Application->run [] []
[2019-08-16 21:28:28] api[].ERROR: Directus\Exception\UnauthorizedException: Unauthorized request in C:\xampp\htdocs\directus_7\src\helpers\app.php:268
Stack trace:
#0 C:\xampp\htdocs\directus_7\vendor\slim\slim\Slim\App.php(530): Directus\{closure}
#1 C:\xampp\htdocs\directus_7\src\core\Directus\Application\Http\Middleware\CorsMiddleware.php(66): Slim\App->__invoke
#2 [internal function]: Directus\Application\Http\Middleware\CorsMiddleware->__invoke
#3 C:\xampp\htdocs\directus_7\vendor\slim\slim\Slim\DeferredCallable.php(43): call_user_func_array
#4 [internal function]: Slim\DeferredCallable->__invoke
#5 C:\xampp\htdocs\directus_7\vendor\slim\slim\Slim\MiddlewareAwareTrait.php(70): call_user_func
#6 C:\xampp\htdocs\directus_7\vendor\slim\slim\Slim\MiddlewareAwareTrait.php(117): Slim\App->Slim\{closure}
#7 C:\xampp\htdocs\directus_7\vendor\slim\slim\Slim\App.php(405): Slim\App->callMiddlewareStack
#8 C:\xampp\htdocs\directus_7\vendor\slim\slim\Slim\App.php(313): Slim\App->process
#9 C:\xampp\htdocs\directus_7\src\core\Directus\Application\Application.php(161): Slim\App->run
#10 C:\xampp\htdocs\directus_7\public\index.php(5): Directus\Application\Application->run [] []
